{"total": {"lines":{"total":925,"covered":173,"skipped":0,"pct":18.7},"statements":{"total":976,"covered":177,"skipped":0,"pct":18.14},"functions":{"total":298,"covered":32,"skipped":0,"pct":10.74},"branches":{"total":369,"covered":21,"skipped":0,"pct":5.69}}
,"/Users/nyhasina/Works/bpartners/bpartners-web/src/App.js": {"lines":{"total":3,"covered":3,"skipped":0,"pct":100},"functions":{"total":2,"covered":2,"skipped":0,"pct":100},"statements":{"total":3,"covered":3,"skipped":0,"pct":100},"branches":{"total":0,"covered":0,"skipped":0,"pct":100}}
,"/Users/nyhasina/Works/bpartners/bpartners-web/src/HaAppBar.js": {"lines":{"total":6,"covered":4,"skipped":0,"pct":66.67},"functions":{"total":3,"covered":2,"skipped":0,"pct":66.67},"statements":{"total":7,"covered":5,"skipped":0,"pct":71.43},"branches":{"total":0,"covered":0,"skipped":0,"pct":100}}
,"/Users/nyhasina/Works/bpartners/bpartners-web/src/HaLayout.js": {"lines":{"total":2,"covered":2,"skipped":0,"pct":100},"functions":{"total":1,"covered":1,"skipped":0,"pct":100},"statements":{"total":2,"covered":2,"skipped":0,"pct":100},"branches":{"total":0,"covered":0,"skipped":0,"pct":100}}
,"/Users/nyhasina/Works/bpartners/bpartners-web/src/conf.js": {"lines":{"total":6,"covered":6,"skipped":0,"pct":100},"functions":{"total":0,"covered":0,"skipped":0,"pct":100},"statements":{"total":6,"covered":6,"skipped":0,"pct":100},"branches":{"total":0,"covered":0,"skipped":0,"pct":100}}
,"/Users/nyhasina/Works/bpartners/bpartners-web/src/haTheme.js": {"lines":{"total":1,"covered":1,"skipped":0,"pct":100},"functions":{"total":0,"covered":0,"skipped":0,"pct":100},"statements":{"total":1,"covered":1,"skipped":0,"pct":100},"branches":{"total":0,"covered":0,"skipped":0,"pct":100}}
,"/Users/nyhasina/Works/bpartners/bpartners-web/src/gen/haClient/api.ts": {"lines":{"total":512,"covered":32,"skipped":0,"pct":6.25},"functions":{"total":156,"covered":6,"skipped":0,"pct":3.85},"statements":{"total":536,"covered":32,"skipped":0,"pct":5.97},"branches":{"total":206,"covered":4,"skipped":0,"pct":1.94}}
,"/Users/nyhasina/Works/bpartners/bpartners-web/src/gen/haClient/base.ts": {"lines":{"total":7,"covered":5,"skipped":0,"pct":71.43},"functions":{"total":2,"covered":1,"skipped":0,"pct":50},"statements":{"total":7,"covered":5,"skipped":0,"pct":71.43},"branches":{"total":8,"covered":6,"skipped":0,"pct":75}}
,"/Users/nyhasina/Works/bpartners/bpartners-web/src/gen/haClient/common.ts": {"lines":{"total":39,"covered":20,"skipped":0,"pct":51.28},"functions":{"total":10,"covered":6,"skipped":0,"pct":60},"statements":{"total":39,"covered":20,"skipped":0,"pct":51.28},"branches":{"total":44,"covered":8,"skipped":0,"pct":18.18}}
,"/Users/nyhasina/Works/bpartners/bpartners-web/src/gen/haClient/configuration.ts": {"lines":{"total":9,"covered":7,"skipped":0,"pct":77.78},"functions":{"total":2,"covered":1,"skipped":0,"pct":50},"statements":{"total":9,"covered":7,"skipped":0,"pct":77.78},"branches":{"total":4,"covered":1,"skipped":0,"pct":25}}
,"/Users/nyhasina/Works/bpartners/bpartners-web/src/gen/haClient/index.ts": {"lines":{"total":0,"covered":0,"skipped":0,"pct":0},"functions":{"total":0,"covered":0,"skipped":0,"pct":0},"statements":{"total":0,"covered":0,"skipped":0,"pct":0},"branches":{"total":0,"covered":0,"skipped":0,"pct":0}}
,"/Users/nyhasina/Works/bpartners/bpartners-web/src/menu/HaMenu.js": {"lines":{"total":2,"covered":2,"skipped":0,"pct":100},"functions":{"total":1,"covered":1,"skipped":0,"pct":100},"statements":{"total":2,"covered":2,"skipped":0,"pct":100},"branches":{"total":0,"covered":0,"skipped":0,"pct":100}}
,"/Users/nyhasina/Works/bpartners/bpartners-web/src/menu/ManagerMenu.js": {"lines":{"total":2,"covered":2,"skipped":0,"pct":100},"functions":{"total":1,"covered":1,"skipped":0,"pct":100},"statements":{"total":2,"covered":2,"skipped":0,"pct":100},"branches":{"total":0,"covered":0,"skipped":0,"pct":100}}
,"/Users/nyhasina/Works/bpartners/bpartners-web/src/operations/fees/ByStatusFeeList.js": {"lines":{"total":5,"covered":1,"skipped":0,"pct":20},"functions":{"total":3,"covered":0,"skipped":0,"pct":0},"statements":{"total":5,"covered":1,"skipped":0,"pct":20},"branches":{"total":2,"covered":0,"skipped":0,"pct":0}}
,"/Users/nyhasina/Works/bpartners/bpartners-web/src/operations/fees/FeeList.js": {"lines":{"total":15,"covered":2,"skipped":0,"pct":13.33},"functions":{"total":6,"covered":0,"skipped":0,"pct":0},"statements":{"total":15,"covered":2,"skipped":0,"pct":13.33},"branches":{"total":2,"covered":0,"skipped":0,"pct":0}}
,"/Users/nyhasina/Works/bpartners/bpartners-web/src/operations/fees/FeeShow.js": {"lines":{"total":21,"covered":2,"skipped":0,"pct":9.52},"functions":{"total":7,"covered":0,"skipped":0,"pct":0},"statements":{"total":24,"covered":2,"skipped":0,"pct":8.33},"branches":{"total":6,"covered":0,"skipped":0,"pct":0}}
,"/Users/nyhasina/Works/bpartners/bpartners-web/src/operations/fees/FeesCreate.js": {"lines":{"total":47,"covered":5,"skipped":0,"pct":10.64},"functions":{"total":16,"covered":0,"skipped":0,"pct":0},"statements":{"total":48,"covered":5,"skipped":0,"pct":10.42},"branches":{"total":16,"covered":0,"skipped":0,"pct":0}}
,"/Users/nyhasina/Works/bpartners/bpartners-web/src/operations/fees/byStatusRowStyle.js": {"lines":{"total":3,"covered":1,"skipped":0,"pct":33.33},"functions":{"total":1,"covered":0,"skipped":0,"pct":0},"statements":{"total":3,"covered":1,"skipped":0,"pct":33.33},"branches":{"total":4,"covered":0,"skipped":0,"pct":0}}
,"/Users/nyhasina/Works/bpartners/bpartners-web/src/operations/fees/index.js": {"lines":{"total":1,"covered":1,"skipped":0,"pct":100},"functions":{"total":0,"covered":0,"skipped":0,"pct":100},"statements":{"total":1,"covered":1,"skipped":0,"pct":100},"branches":{"total":0,"covered":0,"skipped":0,"pct":100}}
,"/Users/nyhasina/Works/bpartners/bpartners-web/src/operations/payments/PaymentCreate.js": {"lines":{"total":16,"covered":1,"skipped":0,"pct":6.25},"functions":{"total":6,"covered":0,"skipped":0,"pct":0},"statements":{"total":16,"covered":1,"skipped":0,"pct":6.25},"branches":{"total":0,"covered":0,"skipped":0,"pct":100}}
,"/Users/nyhasina/Works/bpartners/bpartners-web/src/operations/payments/PaymentList.js": {"lines":{"total":5,"covered":2,"skipped":0,"pct":40},"functions":{"total":3,"covered":0,"skipped":0,"pct":0},"statements":{"total":5,"covered":2,"skipped":0,"pct":40},"branches":{"total":0,"covered":0,"skipped":0,"pct":100}}
,"/Users/nyhasina/Works/bpartners/bpartners-web/src/operations/payments/index.js": {"lines":{"total":1,"covered":1,"skipped":0,"pct":100},"functions":{"total":0,"covered":0,"skipped":0,"pct":100},"statements":{"total":1,"covered":1,"skipped":0,"pct":100},"branches":{"total":0,"covered":0,"skipped":0,"pct":100}}
,"/Users/nyhasina/Works/bpartners/bpartners-web/src/operations/profile/ProfileEdit.js": {"lines":{"total":4,"covered":2,"skipped":0,"pct":50},"functions":{"total":2,"covered":0,"skipped":0,"pct":0},"statements":{"total":4,"covered":2,"skipped":0,"pct":50},"branches":{"total":0,"covered":0,"skipped":0,"pct":100}}
,"/Users/nyhasina/Works/bpartners/bpartners-web/src/operations/profile/ProfileShow.js": {"lines":{"total":12,"covered":6,"skipped":0,"pct":50},"functions":{"total":4,"covered":2,"skipped":0,"pct":50},"statements":{"total":16,"covered":6,"skipped":0,"pct":37.5},"branches":{"total":8,"covered":0,"skipped":0,"pct":0}}
,"/Users/nyhasina/Works/bpartners/bpartners-web/src/operations/profile/index.js": {"lines":{"total":2,"covered":2,"skipped":0,"pct":100},"functions":{"total":0,"covered":0,"skipped":0,"pct":100},"statements":{"total":2,"covered":2,"skipped":0,"pct":100},"branches":{"total":0,"covered":0,"skipped":0,"pct":100}}
,"/Users/nyhasina/Works/bpartners/bpartners-web/src/operations/studentGrades/index.js": {"lines":{"total":1,"covered":1,"skipped":0,"pct":100},"functions":{"total":0,"covered":0,"skipped":0,"pct":100},"statements":{"total":1,"covered":1,"skipped":0,"pct":100},"branches":{"total":0,"covered":0,"skipped":0,"pct":100}}
,"/Users/nyhasina/Works/bpartners/bpartners-web/src/operations/students/StudentCreate.js": {"lines":{"total":2,"covered":1,"skipped":0,"pct":50},"functions":{"total":1,"covered":0,"skipped":0,"pct":0},"statements":{"total":2,"covered":1,"skipped":0,"pct":50},"branches":{"total":0,"covered":0,"skipped":0,"pct":100}}
,"/Users/nyhasina/Works/bpartners/bpartners-web/src/operations/students/StudentList.js": {"lines":{"total":3,"covered":1,"skipped":0,"pct":33.33},"functions":{"total":1,"covered":0,"skipped":0,"pct":0},"statements":{"total":3,"covered":1,"skipped":0,"pct":33.33},"branches":{"total":2,"covered":0,"skipped":0,"pct":0}}
,"/Users/nyhasina/Works/bpartners/bpartners-web/src/operations/students/StudentShow.js": {"lines":{"total":6,"covered":2,"skipped":0,"pct":33.33},"functions":{"total":2,"covered":0,"skipped":0,"pct":0},"statements":{"total":6,"covered":2,"skipped":0,"pct":33.33},"branches":{"total":4,"covered":0,"skipped":0,"pct":0}}
,"/Users/nyhasina/Works/bpartners/bpartners-web/src/operations/students/index.js": {"lines":{"total":2,"covered":1,"skipped":0,"pct":50},"functions":{"total":1,"covered":0,"skipped":0,"pct":0},"statements":{"total":2,"covered":1,"skipped":0,"pct":50},"branches":{"total":0,"covered":0,"skipped":0,"pct":100}}
,"/Users/nyhasina/Works/bpartners/bpartners-web/src/operations/teachers/TeacherCreate.js": {"lines":{"total":2,"covered":1,"skipped":0,"pct":50},"functions":{"total":1,"covered":0,"skipped":0,"pct":0},"statements":{"total":2,"covered":1,"skipped":0,"pct":50},"branches":{"total":0,"covered":0,"skipped":0,"pct":100}}
,"/Users/nyhasina/Works/bpartners/bpartners-web/src/operations/teachers/TeacherList.js": {"lines":{"total":2,"covered":1,"skipped":0,"pct":50},"functions":{"total":1,"covered":0,"skipped":0,"pct":0},"statements":{"total":2,"covered":1,"skipped":0,"pct":50},"branches":{"total":0,"covered":0,"skipped":0,"pct":100}}
,"/Users/nyhasina/Works/bpartners/bpartners-web/src/operations/teachers/TeacherShow.js": {"lines":{"total":4,"covered":2,"skipped":0,"pct":50},"functions":{"total":2,"covered":0,"skipped":0,"pct":0},"statements":{"total":4,"covered":2,"skipped":0,"pct":50},"branches":{"total":0,"covered":0,"skipped":0,"pct":100}}
,"/Users/nyhasina/Works/bpartners/bpartners-web/src/operations/teachers/index.js": {"lines":{"total":2,"covered":1,"skipped":0,"pct":50},"functions":{"total":1,"covered":0,"skipped":0,"pct":0},"statements":{"total":2,"covered":1,"skipped":0,"pct":50},"branches":{"total":0,"covered":0,"skipped":0,"pct":100}}
,"/Users/nyhasina/Works/bpartners/bpartners-web/src/operations/utils/EditToolBar.js": {"lines":{"total":2,"covered":1,"skipped":0,"pct":50},"functions":{"total":1,"covered":0,"skipped":0,"pct":0},"statements":{"total":2,"covered":1,"skipped":0,"pct":50},"branches":{"total":0,"covered":0,"skipped":0,"pct":100}}
,"/Users/nyhasina/Works/bpartners/bpartners-web/src/operations/utils/PrevNextPagination.js": {"lines":{"total":20,"covered":3,"skipped":0,"pct":15},"functions":{"total":4,"covered":0,"skipped":0,"pct":0},"statements":{"total":20,"covered":3,"skipped":0,"pct":15},"branches":{"total":17,"covered":0,"skipped":0,"pct":0}}
,"/Users/nyhasina/Works/bpartners/bpartners-web/src/operations/utils/SexRadioButton.js": {"lines":{"total":2,"covered":1,"skipped":0,"pct":50},"functions":{"total":1,"covered":0,"skipped":0,"pct":0},"statements":{"total":2,"covered":1,"skipped":0,"pct":50},"branches":{"total":0,"covered":0,"skipped":0,"pct":100}}
,"/Users/nyhasina/Works/bpartners/bpartners-web/src/operations/utils/money.ts": {"lines":{"total":3,"covered":2,"skipped":0,"pct":66.67},"functions":{"total":1,"covered":0,"skipped":0,"pct":0},"statements":{"total":3,"covered":2,"skipped":0,"pct":66.67},"branches":{"total":0,"covered":0,"skipped":0,"pct":100}}
,"/Users/nyhasina/Works/bpartners/bpartners-web/src/operations/utils/typography.js": {"lines":{"total":2,"covered":2,"skipped":0,"pct":100},"functions":{"total":1,"covered":1,"skipped":0,"pct":100},"statements":{"total":3,"covered":3,"skipped":0,"pct":100},"branches":{"total":0,"covered":0,"skipped":0,"pct":100}}
,"/Users/nyhasina/Works/bpartners/bpartners-web/src/providers/api.js": {"lines":{"total":2,"covered":2,"skipped":0,"pct":100},"functions":{"total":2,"covered":1,"skipped":0,"pct":50},"statements":{"total":4,"covered":3,"skipped":0,"pct":75},"branches":{"total":0,"covered":0,"skipped":0,"pct":100}}
,"/Users/nyhasina/Works/bpartners/bpartners-web/src/providers/authProvider.ts": {"lines":{"total":23,"covered":15,"skipped":0,"pct":65.22},"functions":{"total":11,"covered":4,"skipped":0,"pct":36.36},"statements":{"total":25,"covered":15,"skipped":0,"pct":60},"branches":{"total":0,"covered":0,"skipped":0,"pct":100}}
,"/Users/nyhasina/Works/bpartners/bpartners-web/src/providers/dataProvider.ts": {"lines":{"total":31,"covered":6,"skipped":0,"pct":19.35},"functions":{"total":6,"covered":2,"skipped":0,"pct":33.33},"statements":{"total":36,"covered":7,"skipped":0,"pct":19.44},"branches":{"total":18,"covered":1,"skipped":0,"pct":5.56}}
,"/Users/nyhasina/Works/bpartners/bpartners-web/src/providers/feeProvider.ts": {"lines":{"total":19,"covered":5,"skipped":0,"pct":26.32},"functions":{"total":8,"covered":0,"skipped":0,"pct":0},"statements":{"total":22,"covered":5,"skipped":0,"pct":22.73},"branches":{"total":6,"covered":0,"skipped":0,"pct":0}}
,"/Users/nyhasina/Works/bpartners/bpartners-web/src/providers/paymentProvider.ts": {"lines":{"total":15,"covered":3,"skipped":0,"pct":20},"functions":{"total":6,"covered":0,"skipped":0,"pct":0},"statements":{"total":17,"covered":3,"skipped":0,"pct":17.65},"branches":{"total":2,"covered":0,"skipped":0,"pct":0}}
,"/Users/nyhasina/Works/bpartners/bpartners-web/src/providers/profileProvider.ts": {"lines":{"total":7,"covered":4,"skipped":0,"pct":57.14},"functions":{"total":4,"covered":1,"skipped":0,"pct":25},"statements":{"total":7,"covered":4,"skipped":0,"pct":57.14},"branches":{"total":2,"covered":1,"skipped":0,"pct":50}}
,"/Users/nyhasina/Works/bpartners/bpartners-web/src/providers/studentProvider.ts": {"lines":{"total":7,"covered":1,"skipped":0,"pct":14.29},"functions":{"total":3,"covered":0,"skipped":0,"pct":0},"statements":{"total":7,"covered":1,"skipped":0,"pct":14.29},"branches":{"total":0,"covered":0,"skipped":0,"pct":100}}
,"/Users/nyhasina/Works/bpartners/bpartners-web/src/providers/teacherProvider.ts": {"lines":{"total":7,"covered":1,"skipped":0,"pct":14.29},"functions":{"total":3,"covered":0,"skipped":0,"pct":0},"statements":{"total":7,"covered":1,"skipped":0,"pct":14.29},"branches":{"total":0,"covered":0,"skipped":0,"pct":100}}
,"/Users/nyhasina/Works/bpartners/bpartners-web/src/security/CompletePasswordPage.js": {"lines":{"total":31,"covered":4,"skipped":0,"pct":12.9},"functions":{"total":6,"covered":0,"skipped":0,"pct":0},"statements":{"total":31,"covered":4,"skipped":0,"pct":12.9},"branches":{"total":14,"covered":0,"skipped":0,"pct":0}}
,"/Users/nyhasina/Works/bpartners/bpartners-web/src/security/LoginPage.js": {"lines":{"total":9,"covered":2,"skipped":0,"pct":22.22},"functions":{"total":5,"covered":0,"skipped":0,"pct":0},"statements":{"total":12,"covered":2,"skipped":0,"pct":16.67},"branches":{"total":4,"covered":0,"skipped":0,"pct":0}}
}
